2024.08.12 22:20:18 INFO  Started: Metals version 1.3.5 in folders 'D:\university ucsc 2nd year\semester 1 year 2\SCS2204 Functional Programming\scala\Scala-Lab-Sheets\Practical_8' for client Visual Studio Code 1.92.1.
SLF4J(W): Class path contains multiple SLF4J providers.
SLF4J(W): Found provider [scribe.slf4j.ScribeServiceProvider@3bcaa5f3]
SLF4J(W): Found provider [ch.qos.logback.classic.spi.LogbackServiceProvider@2b67eff1]
SLF4J(W): See https://www.slf4j.org/codes.html#multiple_bindings for an explanation.
SLF4J(I): Actual provider is of type [scribe.slf4j.ScribeServiceProvider@3bcaa5f3]
2024.08.12 22:20:18 WARN  Flyway upgrade recommended: H2 2.3.230 is newer than this version of Flyway and support has not been tested. The latest supported version of H2 is 2.2.220.
Aug 12, 2024 10:20:19 PM org.eclipse.lsp4j.jsonrpc.RemoteEndpoint handleCancellation
WARNING: Unmatched cancel notification for request id 1
Aug 12, 2024 10:20:19 PM org.eclipse.lsp4j.jsonrpc.RemoteEndpoint handleCancellation
WARNING: Unmatched cancel notification for request id 6
Aug 12, 2024 10:20:19 PM org.eclipse.lsp4j.jsonrpc.RemoteEndpoint handleCancellation
WARNING: Unmatched cancel notification for request id 2
2024.08.12 22:20:19 INFO  no build target found for D:\university ucsc 2nd year\semester 1 year 2\SCS2204 Functional Programming\scala\Scala-Lab-Sheets\Practical_8\q1.scala. Using presentation compiler with project's scala-library version: 3.3.3
2024.08.12 22:20:22 INFO  Running List(C:\Users\Malin\AppData\Local\Coursier\data\bin\scala-cli.BAT, setup-ide, D:\university ucsc 2nd year\semester 1 year 2\SCS2204 Functional Programming\scala\Scala-Lab-Sheets\Practical_8)
2024.08.12 22:20:22 INFO  Attempting to connect to the build server...
2024.08.12 22:20:22 INFO  Running BSP server List(C:\Users\Malin\AppData\Local\Coursier\data\bin\.scala-cli.aux.exe, bsp, --json-options, D:\university ucsc 2nd year\semester 1 year 2\SCS2204 Functional Programming\scala\Scala-Lab-Sheets\Practical_8\.scala-build\ide-options-v2.json, --json-launcher-options, D:\university ucsc 2nd year\semester 1 year 2\SCS2204 Functional Programming\scala\Scala-Lab-Sheets\Practical_8\.scala-build\ide-launcher-options.json, --envs-file, D:\university ucsc 2nd year\semester 1 year 2\SCS2204 Functional Programming\scala\Scala-Lab-Sheets\Practical_8\.scala-build\ide-envs.json, D:\university ucsc 2nd year\semester 1 year 2\SCS2204 Functional Programming\scala\Scala-Lab-Sheets\Practical_8)
2024.08.12 22:20:22 INFO  tracing is disabled for protocol BSP, to enable tracing of incoming and outgoing JSON messages create an empty file at D:\university ucsc 2nd year\semester 1 year 2\SCS2204 Functional Programming\scala\Scala-Lab-Sheets\Practical_8\.metals\bsp.trace.json or C:\Users\Malin\AppData\Local\scalameta\metals\cache\bsp.trace.json
2024.08.12 22:20:24 INFO  BSP server: Starting compilation server
2024.08.12 22:20:25 WARN  Could not find semantic tokens for: file:///D:/university%20ucsc%202nd%20year/semester%201%20year%202/SCS2204%20Functional%20Programming/scala/Scala-Lab-Sheets/Practical_8/q1.scala
2024.08.12 22:20:28 INFO  no build target found for D:\university ucsc 2nd year\semester 1 year 2\SCS2204 Functional Programming\scala\Scala-Lab-Sheets\Practical_8\q1.scala. Using presentation compiler with project's scala-library version: 3.3.3
2024.08.12 22:20:28 WARN  Could not find semantic tokens for: file:///D:/university%20ucsc%202nd%20year/semester%201%20year%202/SCS2204%20Functional%20Programming/scala/Scala-Lab-Sheets/Practical_8/q1.scala
2024.08.12 22:20:28 INFO  no build target found for D:\university ucsc 2nd year\semester 1 year 2\SCS2204 Functional Programming\scala\Scala-Lab-Sheets\Practical_8\q1.scala. Using presentation compiler with project's scala-library version: 3.3.3
2024.08.12 22:20:29 WARN  no build target for: D:\university ucsc 2nd year\semester 1 year 2\SCS2204 Functional Programming\scala\Scala-Lab-Sheets\Practical_8\q1.scala
2024.08.12 22:20:29 INFO  no build target found for D:\university ucsc 2nd year\semester 1 year 2\SCS2204 Functional Programming\scala\Scala-Lab-Sheets\Practical_8\q1.scala. Using presentation compiler with project's scala-library version: 3.3.3
2024.08.12 22:20:29 INFO  no build target found for D:\university ucsc 2nd year\semester 1 year 2\SCS2204 Functional Programming\scala\Scala-Lab-Sheets\Practical_8\q1.scala. Using presentation compiler with project's scala-library version: 3.3.3
2024.08.12 22:20:30 INFO  time: Connected to build server in 7.91s
2024.08.12 22:20:30 INFO  Connected to Build server: scala-cli v1.3.2
2024.08.12 22:20:31 INFO  compiling practical_8_f4dd477a3a (1 scala source)
2024.08.12 22:20:33 INFO  time: Imported build in 3.52s
2024.08.12 22:20:33 INFO  running doctor check
2024.08.12 22:20:33 INFO  java targets: Practical_8_f4dd477a3a, Practical_8_f4dd477a3a-test
2024.08.12 22:20:37 WARN  Flyway upgrade recommended: H2 2.3.230 is newer than this version of Flyway and support has not been tested. The latest supported version of H2 is 2.2.220.
2024.08.12 22:20:38 INFO  time: indexed workspace in 5.04s
2024.08.12 22:20:40 INFO  no build target found for D:\university ucsc 2nd year\semester 1 year 2\SCS2204 Functional Programming\scala\Scala-Lab-Sheets\Practical_8\q2.scala. Using presentation compiler with project's scala-library version: 3.3.3
2024.08.12 22:20:40 INFO  no build target found for D:\university ucsc 2nd year\semester 1 year 2\SCS2204 Functional Programming\scala\Scala-Lab-Sheets\Practical_8\q2.scala. Using presentation compiler with project's scala-library version: 3.3.3
2024.08.12 22:20:40 WARN  Could not find semantic tokens for: file:///D:/university%20ucsc%202nd%20year/semester%201%20year%202/SCS2204%20Functional%20Programming/scala/Scala-Lab-Sheets/Practical_8/q2.scala
2024.08.12 22:20:40 INFO  running doctor check
2024.08.12 22:20:40 INFO  java targets: Practical_8_f4dd477a3a, Practical_8_f4dd477a3a-test
2024.08.12 22:20:40 INFO  compiling practical_8_f4dd477a3a (1 scala source)
2024.08.12 22:20:40 INFO  time: compiled Practical_8_f4dd477a3a in 0.19s
2024.08.12 22:20:41 INFO  time: indexed workspace in 1.14s
2024.08.12 22:20:41 WARN  Could not find semantic tokens for: file:///D:/university%20ucsc%202nd%20year/semester%201%20year%202/SCS2204%20Functional%20Programming/scala/Scala-Lab-Sheets/Practical_8/q2.scala
2024.08.12 22:20:56 INFO  compiling practical_8_f4dd477a3a (1 scala source)
2024.08.12 22:20:56 INFO  time: compiled Practical_8_f4dd477a3a in 0.64s
Aug 12, 2024 10:21:18 PM org.eclipse.lsp4j.jsonrpc.services.GenericEndpoint notify
INFO: Unsupported notification method: $/setTrace
2024.08.12 22:21:40 INFO  Shutting down server
2024.08.12 22:21:40 INFO  shutting down Metals
2024.08.12 22:21:40 INFO  Shut down connection with build server.
2024.08.12 22:21:40 INFO  Exiting server
