2024.06.23 10:51:55 INFO  Started: Metals version 1.3.2 in folders 'D:\university ucsc 2nd year\semester 1 year 2\SCS2204 Functional Programming\scala\Scala-Lab-Sheets\Practical_2' for client Visual Studio Code 1.90.2.
SLF4J(W): Class path contains multiple SLF4J providers.
SLF4J(W): Found provider [scribe.slf4j.ScribeServiceProvider@42ff8c3a]
SLF4J(W): Found provider [ch.qos.logback.classic.spi.LogbackServiceProvider@67700cdd]
SLF4J(W): See https://www.slf4j.org/codes.html#multiple_bindings for an explanation.
SLF4J(I): Actual provider is of type [scribe.slf4j.ScribeServiceProvider@42ff8c3a]
2024.06.23 10:51:55 WARN  Flyway upgrade recommended: H2 2.2.224 is newer than this version of Flyway and support has not been tested. The latest supported version of H2 is 2.2.220.
2024.06.23 10:52:02 INFO  Running List(C:\Users\Malin\AppData\Local\Coursier\data\bin\scala-cli.BAT, setup-ide, D:\university ucsc 2nd year\semester 1 year 2\SCS2204 Functional Programming\scala\Scala-Lab-Sheets\Practical_2)
2024.06.23 10:52:02 INFO  Attempting to connect to the build server...
2024.06.23 10:52:02 INFO  Running BSP server List(C:\Users\Malin\AppData\Local\Coursier\data\bin\.scala-cli.aux.exe, bsp, --json-options, D:\university ucsc 2nd year\semester 1 year 2\SCS2204 Functional Programming\scala\Scala-Lab-Sheets\Practical_2\.scala-build\ide-options-v2.json, --json-launcher-options, D:\university ucsc 2nd year\semester 1 year 2\SCS2204 Functional Programming\scala\Scala-Lab-Sheets\Practical_2\.scala-build\ide-launcher-options.json, --envs-file, D:\university ucsc 2nd year\semester 1 year 2\SCS2204 Functional Programming\scala\Scala-Lab-Sheets\Practical_2\.scala-build\ide-envs.json, D:\university ucsc 2nd year\semester 1 year 2\SCS2204 Functional Programming\scala\Scala-Lab-Sheets\Practical_2)
2024.06.23 10:52:02 INFO  tracing is disabled for protocol BSP, to enable tracing of incoming and outgoing JSON messages create an empty file at D:\university ucsc 2nd year\semester 1 year 2\SCS2204 Functional Programming\scala\Scala-Lab-Sheets\Practical_2\.metals\bsp.trace.json or C:\Users\Malin\AppData\Local\scalameta\metals\cache\bsp.trace.json
2024.06.23 10:52:04 INFO  BSP server: Starting compilation server
2024.06.23 10:52:09 INFO  time: Connected to build server in 7.13s
2024.06.23 10:52:09 INFO  Connected to Build server: scala-cli v1.3.2
2024.06.23 10:52:10 INFO  compiling practical_2_f4dd477a3a (1 scala source)
2024.06.23 10:52:12 INFO  time: Imported build in 3.1s
2024.06.23 11:01:42 INFO  time: indexed workspace in 9m29s
2024.06.24 09:05:30 INFO  Started: Metals version 1.3.2 in folders 'D:\university ucsc 2nd year\semester 1 year 2\SCS2204 Functional Programming\scala\Scala-Lab-Sheets\Practical_2' for client Visual Studio Code 1.90.2.
SLF4J(W): Class path contains multiple SLF4J providers.
SLF4J(W): Found provider [scribe.slf4j.ScribeServiceProvider@7c2004fb]
SLF4J(W): Found provider [ch.qos.logback.classic.spi.LogbackServiceProvider@235682b4]
SLF4J(W): See https://www.slf4j.org/codes.html#multiple_bindings for an explanation.
SLF4J(I): Actual provider is of type [scribe.slf4j.ScribeServiceProvider@7c2004fb]
2024.06.24 09:05:35 WARN  Flyway upgrade recommended: H2 2.2.224 is newer than this version of Flyway and support has not been tested. The latest supported version of H2 is 2.2.220.
2024.06.24 09:05:36 INFO  no build target found for D:\university ucsc 2nd year\semester 1 year 2\SCS2204 Functional Programming\scala\Scala-Lab-Sheets\Practical_2\q1.scala. Using presentation compiler with project's scala-library version: 3.3.3
2024.06.24 09:05:37 INFO  Attempting to connect to the build server...
2024.06.24 09:05:37 INFO  Running BSP server List(C:\Users\Malin\AppData\Local\Coursier\data\bin\.scala-cli.aux.exe, bsp, --json-options, D:\university ucsc 2nd year\semester 1 year 2\SCS2204 Functional Programming\scala\Scala-Lab-Sheets\Practical_2\.scala-build\ide-options-v2.json, --json-launcher-options, D:\university ucsc 2nd year\semester 1 year 2\SCS2204 Functional Programming\scala\Scala-Lab-Sheets\Practical_2\.scala-build\ide-launcher-options.json, --envs-file, D:\university ucsc 2nd year\semester 1 year 2\SCS2204 Functional Programming\scala\Scala-Lab-Sheets\Practical_2\.scala-build\ide-envs.json, D:\university ucsc 2nd year\semester 1 year 2\SCS2204 Functional Programming\scala\Scala-Lab-Sheets\Practical_2)
2024.06.24 09:05:37 INFO  tracing is disabled for protocol BSP, to enable tracing of incoming and outgoing JSON messages create an empty file at D:\university ucsc 2nd year\semester 1 year 2\SCS2204 Functional Programming\scala\Scala-Lab-Sheets\Practical_2\.metals\bsp.trace.json or C:\Users\Malin\AppData\Local\scalameta\metals\cache\bsp.trace.json
Jun 24, 2024 9:05:37 AM org.eclipse.lsp4j.jsonrpc.services.GenericEndpoint notify
INFO: Unsupported notification method: $/setTrace
Jun 24, 2024 9:05:37 AM org.eclipse.lsp4j.jsonrpc.services.GenericEndpoint notify
INFO: Unsupported notification method: $/setTrace
2024.06.24 09:05:41 INFO  BSP server: Starting compilation server
2024.06.24 09:05:49 INFO  time: Connected to build server in 12s
2024.06.24 09:05:49 INFO  Connected to Build server: scala-cli v1.3.2
2024.06.24 09:05:50 INFO  time: Imported build in 0.17s
2024.06.24 09:09:05 INFO  no build target found for D:\university ucsc 2nd year\semester 1 year 2\SCS2204 Functional Programming\scala\Scala-Lab-Sheets\Practical_2\q1.scala. Using presentation compiler with project's scala-library version: 3.3.3
Jun 24, 2024 9:10:37 AM org.eclipse.lsp4j.jsonrpc.RemoteEndpoint handleCancellation
WARNING: Unmatched cancel notification for request id 17
Jun 24, 2024 9:10:37 AM org.eclipse.lsp4j.jsonrpc.RemoteEndpoint handleCancellation
WARNING: Unmatched cancel notification for request id 20
Jun 24, 2024 9:10:37 AM org.eclipse.lsp4j.jsonrpc.RemoteEndpoint handleCancellation
WARNING: Unmatched cancel notification for request id 15
Jun 24, 2024 9:10:37 AM org.eclipse.lsp4j.jsonrpc.RemoteEndpoint handleCancellation
WARNING: Unmatched cancel notification for request id 18
2024.06.24 09:10:38 INFO  compiling practical_2_f4dd477a3a (1 scala source)
Jun 24, 2024 9:10:38 AM org.eclipse.lsp4j.jsonrpc.RemoteEndpoint handleCancellation
WARNING: Unmatched cancel notification for request id 28
Jun 24, 2024 9:10:38 AM org.eclipse.lsp4j.jsonrpc.RemoteEndpoint handleCancellation
WARNING: Unmatched cancel notification for request id 39
Jun 24, 2024 9:10:38 AM org.eclipse.lsp4j.jsonrpc.RemoteEndpoint handleCancellation
WARNING: Unmatched cancel notification for request id 42
Jun 24, 2024 9:10:38 AM org.eclipse.lsp4j.jsonrpc.RemoteEndpoint handleCancellation
WARNING: Unmatched cancel notification for request id 40
Jun 24, 2024 9:10:38 AM org.eclipse.lsp4j.jsonrpc.RemoteEndpoint handleCancellation
WARNING: Unmatched cancel notification for request id 43
Jun 24, 2024 9:10:38 AM org.eclipse.lsp4j.jsonrpc.RemoteEndpoint handleCancellation
WARNING: Unmatched cancel notification for request id 45
Jun 24, 2024 9:10:39 AM org.eclipse.lsp4j.jsonrpc.RemoteEndpoint handleCancellation
WARNING: Unmatched cancel notification for request id 48
Jun 24, 2024 9:10:39 AM org.eclipse.lsp4j.jsonrpc.RemoteEndpoint handleCancellation
WARNING: Unmatched cancel notification for request id 46
Jun 24, 2024 9:10:39 AM org.eclipse.lsp4j.jsonrpc.RemoteEndpoint handleCancellation
WARNING: Unmatched cancel notification for request id 59
Jun 24, 2024 9:10:39 AM org.eclipse.lsp4j.jsonrpc.RemoteEndpoint handleCancellation
WARNING: Unmatched cancel notification for request id 57
Jun 24, 2024 9:10:39 AM org.eclipse.lsp4j.jsonrpc.RemoteEndpoint handleCancellation
WARNING: Unmatched cancel notification for request id 60
Jun 24, 2024 9:10:39 AM org.eclipse.lsp4j.jsonrpc.RemoteEndpoint handleCancellation
WARNING: Unmatched cancel notification for request id 78
Jun 24, 2024 9:10:39 AM org.eclipse.lsp4j.jsonrpc.RemoteEndpoint handleCancellation
WARNING: Unmatched cancel notification for request id 81
Jun 24, 2024 9:10:39 AM org.eclipse.lsp4j.jsonrpc.RemoteEndpoint handleCancellation
WARNING: Unmatched cancel notification for request id 75
2024.06.24 09:10:39 INFO  Deduplicating compilation of Practical_2_f4dd477a3a from bsp client 'scala-cli 1.3.2' (since 4m 50.472s)
2024.06.24 09:10:39 INFO  compiling practical_2_f4dd477a3a (1 scala source)
2024.06.24 09:10:41 INFO  time: indexed workspace in 3.51s
2024.06.24 09:10:43 INFO  time: compiled Practical_2_f4dd477a3a in 3.83s
2024.06.24 09:12:23 INFO  compiling practical_2_f4dd477a3a (1 scala source)
2024.06.24 09:12:23 INFO  time: compiled Practical_2_f4dd477a3a in 0.75s
2024.06.24 09:28:19 INFO  Shutting down server
2024.06.24 09:28:19 INFO  shutting down Metals
2024.06.24 09:28:19 INFO  Shut down connection with build server.
2024.06.24 09:28:19 INFO  Exiting server
2024.06.25 08:34:55 INFO  Started: Metals version 1.3.2 in folders 'D:\university ucsc 2nd year\semester 1 year 2\SCS2204 Functional Programming\scala\Scala-Lab-Sheets\Practical_2' for client Visual Studio Code 1.90.2.
SLF4J(W): Class path contains multiple SLF4J providers.
SLF4J(W): Found provider [scribe.slf4j.ScribeServiceProvider@6d787775]
SLF4J(W): Found provider [ch.qos.logback.classic.spi.LogbackServiceProvider@184c4900]
SLF4J(W): See https://www.slf4j.org/codes.html#multiple_bindings for an explanation.
SLF4J(I): Actual provider is of type [scribe.slf4j.ScribeServiceProvider@6d787775]
2024.06.25 08:34:55 WARN  Flyway upgrade recommended: H2 2.2.224 is newer than this version of Flyway and support has not been tested. The latest supported version of H2 is 2.2.220.
2024.06.25 08:34:56 INFO  no build target found for D:\university ucsc 2nd year\semester 1 year 2\SCS2204 Functional Programming\scala\Scala-Lab-Sheets\Practical_2\q4.scala. Using presentation compiler with project's scala-library version: 3.3.3
2024.06.25 08:34:56 INFO  Attempting to connect to the build server...
2024.06.25 08:34:56 INFO  Running BSP server List(C:\Users\Malin\AppData\Local\Coursier\data\bin\.scala-cli.aux.exe, bsp, --json-options, D:\university ucsc 2nd year\semester 1 year 2\SCS2204 Functional Programming\scala\Scala-Lab-Sheets\Practical_2\.scala-build\ide-options-v2.json, --json-launcher-options, D:\university ucsc 2nd year\semester 1 year 2\SCS2204 Functional Programming\scala\Scala-Lab-Sheets\Practical_2\.scala-build\ide-launcher-options.json, --envs-file, D:\university ucsc 2nd year\semester 1 year 2\SCS2204 Functional Programming\scala\Scala-Lab-Sheets\Practical_2\.scala-build\ide-envs.json, D:\university ucsc 2nd year\semester 1 year 2\SCS2204 Functional Programming\scala\Scala-Lab-Sheets\Practical_2)
2024.06.25 08:34:56 INFO  tracing is disabled for protocol BSP, to enable tracing of incoming and outgoing JSON messages create an empty file at D:\university ucsc 2nd year\semester 1 year 2\SCS2204 Functional Programming\scala\Scala-Lab-Sheets\Practical_2\.metals\bsp.trace.json or C:\Users\Malin\AppData\Local\scalameta\metals\cache\bsp.trace.json
2024.06.25 08:34:58 INFO  BSP server: Starting compilation server
2024.06.25 08:35:01 INFO  time: Connected to build server in 4.76s
2024.06.25 08:35:01 INFO  Connected to Build server: scala-cli v1.3.2
2024.06.25 08:35:02 INFO  compiling practical_2_f4dd477a3a (4 scala sources)
2024.06.25 08:35:02 INFO  time: indexed workspace in 1.28s
2024.06.25 08:35:04 INFO  time: compiled Practical_2_f4dd477a3a in 2.85s
2024.06.25 08:49:41 INFO  Shutting down server
2024.06.25 08:49:41 INFO  shutting down Metals
2024.06.25 08:49:41 INFO  Shut down connection with build server.
2024.06.25 08:49:41 INFO  Exiting server
