2024.07.30 08:32:58 INFO  Started: Metals version 1.3.4 in folders 'D:\university ucsc 2nd year\semester 1 year 2\SCS2204 Functional Programming\scala\Scala-Lab-Sheets\Practical_6' for client Visual Studio Code 1.91.1.
SLF4J(W): Class path contains multiple SLF4J providers.
SLF4J(W): Found provider [scribe.slf4j.ScribeServiceProvider@6941beaa]
SLF4J(W): Found provider [ch.qos.logback.classic.spi.LogbackServiceProvider@554d9c9b]
SLF4J(W): See https://www.slf4j.org/codes.html#multiple_bindings for an explanation.
SLF4J(I): Actual provider is of type [scribe.slf4j.ScribeServiceProvider@6941beaa]
2024.07.30 08:32:58 WARN  Flyway upgrade recommended: H2 2.3.230 is newer than this version of Flyway and support has not been tested. The latest supported version of H2 is 2.2.220.
2024.07.30 08:33:01 INFO  no build target found for D:\university ucsc 2nd year\semester 1 year 2\SCS2204 Functional Programming\scala\Scala-Lab-Sheets\Practical_6\q1.scala. Using presentation compiler with project's scala-library version: 3.3.3
2024.07.30 08:33:01 INFO  no build target found for D:\university ucsc 2nd year\semester 1 year 2\SCS2204 Functional Programming\scala\Scala-Lab-Sheets\Practical_6\q1.scala. Using presentation compiler with project's scala-library version: 3.3.3
2024.07.30 08:33:28 INFO  Running List(C:\Users\Malin\AppData\Local\Coursier\data\bin\scala-cli.BAT, setup-ide, D:\university ucsc 2nd year\semester 1 year 2\SCS2204 Functional Programming\scala\Scala-Lab-Sheets\Practical_6)
2024.07.30 08:33:28 INFO  Attempting to connect to the build server...
2024.07.30 08:33:28 INFO  Running BSP server List(C:\Users\Malin\AppData\Local\Coursier\data\bin\.scala-cli.aux.exe, bsp, --json-options, D:\university ucsc 2nd year\semester 1 year 2\SCS2204 Functional Programming\scala\Scala-Lab-Sheets\Practical_6\.scala-build\ide-options-v2.json, --json-launcher-options, D:\university ucsc 2nd year\semester 1 year 2\SCS2204 Functional Programming\scala\Scala-Lab-Sheets\Practical_6\.scala-build\ide-launcher-options.json, --envs-file, D:\university ucsc 2nd year\semester 1 year 2\SCS2204 Functional Programming\scala\Scala-Lab-Sheets\Practical_6\.scala-build\ide-envs.json, D:\university ucsc 2nd year\semester 1 year 2\SCS2204 Functional Programming\scala\Scala-Lab-Sheets\Practical_6)
2024.07.30 08:33:28 INFO  tracing is disabled for protocol BSP, to enable tracing of incoming and outgoing JSON messages create an empty file at D:\university ucsc 2nd year\semester 1 year 2\SCS2204 Functional Programming\scala\Scala-Lab-Sheets\Practical_6\.metals\bsp.trace.json or C:\Users\Malin\AppData\Local\scalameta\metals\cache\bsp.trace.json
2024.07.30 08:33:32 INFO  time: Connected to build server in 3.78s
2024.07.30 08:33:32 INFO  Connected to Build server: scala-cli v1.3.2
2024.07.30 08:33:32 INFO  time: Imported build in 0.31s
2024.07.30 08:33:32 INFO  running doctor check
2024.07.30 08:33:32 INFO  java targets: Practical_6_f4dd477a3a-test, Practical_6_f4dd477a3a
2024.07.30 08:33:32 INFO  compiling practical_6_f4dd477a3a (2 scala sources)
2024.07.30 08:33:35 INFO  time: compiled Practical_6_f4dd477a3a in 3.07s
2024.07.30 08:33:51 WARN  Flyway upgrade recommended: H2 2.3.230 is newer than this version of Flyway and support has not been tested. The latest supported version of H2 is 2.2.220.
2024.07.30 08:33:53 INFO  time: indexed workspace in 20s
2024.07.30 08:35:37 INFO  Shutting down server
2024.07.30 08:35:37 INFO  shutting down Metals
2024.07.30 08:35:37 INFO  Shut down connection with build server.
2024.07.30 08:35:37 INFO  BSP server: Jul 30, 2024 8:35:37 AM org.eclipse.lsp4j.jsonrpc.RemoteEndpoint handleNotification
2024.07.30 08:35:37 INFO  Exiting server
